[2021-03-10 21:21:23] - [SELECT * FROM `tgGroupLink` 
                LEFT JOIN `tgSubscriber` 
                ON tgGroupLink.chat_id = tgSubscriber.chat_id 
                WHERE tgGroupLink.group_id = 62]
[2021-03-10 21:21:23] - [SELECT * FROM `tgGroupLink` 
                LEFT JOIN `tgSubscriber` 
                ON tgGroupLink.chat_id = tgSubscriber.chat_id 
                WHERE tgGroupLink.group_id = 62]
[2021-03-10 21:21:25] - [SELECT * FROM `tgGroupLink` 
                LEFT JOIN `tgSubscriber` 
                ON tgGroupLink.chat_id = tgSubscriber.chat_id 
                WHERE tgGroupLink.group_id = 62]
[2021-03-10 21:24:50] - [INSERT INTO `tggrouplink` VALUE (62,'815081714')]
[2021-03-10 21:25:01] - [INSERT INTO `tggrouplink` VALUE (62,'143624691')]
[2021-03-10 21:25:51] - [INSERT INTO `tggrouplink` VALUE (62,'702046056')]
[2021-03-10 21:38:20] - [DELETE `tggrouplink` WHERE `group_id` =62 AND `chat_id` = '702046056']
[2021-03-10 21:38:20] - [ERROR][You have an error in your SQL syntax; check the manual that corresponds to your MariaDB server version for the right syntax to use near 'WHERE `group_id` =62 AND `chat_id` = '702046056'' at line 1]
[2021-03-10 21:42:37] - [DELETE FROM `tggrouplink` WHERE `group_id` =62 AND `chat_id` = '702046056']
[2021-03-10 21:43:02] - [1DELETE FROM `tggrouplink` WHERE `group_id` =62 AND `chat_id` = '143624691']
[2021-03-10 21:43:02] - [ERROR][You have an error in your SQL syntax; check the manual that corresponds to your MariaDB server version for the right syntax to use near '1DELETE FROM `tggrouplink` WHERE `group_id` =62 AND `chat_id` = '143624691'' at line 1]
[2021-03-10 21:43:44] - [1DELETE FROM `tggrouplink` WHERE `group_id` =62 AND `chat_id` = '143624691']
[2021-03-10 21:43:44] - [ERROR][You have an error in your SQL syntax; check the manual that corresponds to your MariaDB server version for the right syntax to use near '1DELETE FROM `tggrouplink` WHERE `group_id` =62 AND `chat_id` = '143624691'' at line 1]
[2021-03-10 21:43:51] - [1DELETE FROM `tggrouplink` WHERE `group_id` =62 AND `chat_id` = '143624691']
[2021-03-10 21:43:51] - [ERROR][You have an error in your SQL syntax; check the manual that corresponds to your MariaDB server version for the right syntax to use near '1DELETE FROM `tggrouplink` WHERE `group_id` =62 AND `chat_id` = '143624691'' at line 1]
[2021-03-10 21:43:52] - [1DELETE FROM `tggrouplink` WHERE `group_id` =62 AND `chat_id` = '815081714']
[2021-03-10 21:43:52] - [ERROR][You have an error in your SQL syntax; check the manual that corresponds to your MariaDB server version for the right syntax to use near '1DELETE FROM `tggrouplink` WHERE `group_id` =62 AND `chat_id` = '815081714'' at line 1]
[2021-03-10 21:47:16] - [1DELETE FROM `tggrouplink` WHERE `group_id` =62 AND `chat_id` = '143624691']
[2021-03-10 21:47:16] - [ERROR][You have an error in your SQL syntax; check the manual that corresponds to your MariaDB server version for the right syntax to use near '1DELETE FROM `tggrouplink` WHERE `group_id` =62 AND `chat_id` = '143624691'' at line 1]
[2021-03-10 21:47:44] - [1DELETE FROM `tggrouplink` WHERE `group_id` =62 AND `chat_id` = '143624691']
[2021-03-10 21:47:44] - [ERROR][You have an error in your SQL syntax; check the manual that corresponds to your MariaDB server version for the right syntax to use near '1DELETE FROM `tggrouplink` WHERE `group_id` =62 AND `chat_id` = '143624691'' at line 1]
[2021-03-10 21:48:01] - [1DELETE FROM `tggrouplink` WHERE `group_id` =62 AND `chat_id` = '143624691']
[2021-03-10 21:48:01] - [ERROR][You have an error in your SQL syntax; check the manual that corresponds to your MariaDB server version for the right syntax to use near '1DELETE FROM `tggrouplink` WHERE `group_id` =62 AND `chat_id` = '143624691'' at line 1]
[2021-03-10 21:48:02] - [1DELETE FROM `tggrouplink` WHERE `group_id` =62 AND `chat_id` = '143624691']
[2021-03-10 21:48:02] - [ERROR][You have an error in your SQL syntax; check the manual that corresponds to your MariaDB server version for the right syntax to use near '1DELETE FROM `tggrouplink` WHERE `group_id` =62 AND `chat_id` = '143624691'' at line 1]
[2021-03-10 21:48:49] - [1DELETE FROM `tggrouplink` WHERE `group_id` =62 AND `chat_id` = '143624691']
[2021-03-10 21:48:49] - [ERROR][You have an error in your SQL syntax; check the manual that corresponds to your MariaDB server version for the right syntax to use near '1DELETE FROM `tggrouplink` WHERE `group_id` =62 AND `chat_id` = '143624691'' at line 1]
[2021-03-10 21:49:03] - [1DELETE FROM `tggrouplink` WHERE `group_id` =62 AND `chat_id` = '143624691']
[2021-03-10 21:49:03] - [ERROR][You have an error in your SQL syntax; check the manual that corresponds to your MariaDB server version for the right syntax to use near '1DELETE FROM `tggrouplink` WHERE `group_id` =62 AND `chat_id` = '143624691'' at line 1]
[2021-03-10 21:49:15] - [1DELETE FROM `tggrouplink` WHERE `group_id` =62 AND `chat_id` = '143624691']
[2021-03-10 21:49:15] - [ERROR][You have an error in your SQL syntax; check the manual that corresponds to your MariaDB server version for the right syntax to use near '1DELETE FROM `tggrouplink` WHERE `group_id` =62 AND `chat_id` = '143624691'' at line 1]
[2021-03-10 21:49:35] - [1DELETE FROM `tggrouplink` WHERE `group_id` =62 AND `chat_id` = '143624691']
[2021-03-10 21:49:35] - [ERROR][You have an error in your SQL syntax; check the manual that corresponds to your MariaDB server version for the right syntax to use near '1DELETE FROM `tggrouplink` WHERE `group_id` =62 AND `chat_id` = '143624691'' at line 1]
[2021-03-10 21:50:13] - [1DELETE FROM `tggrouplink` WHERE `group_id` =62 AND `chat_id` = '143624691']
[2021-03-10 21:50:13] - [ERROR][You have an error in your SQL syntax; check the manual that corresponds to your MariaDB server version for the right syntax to use near '1DELETE FROM `tggrouplink` WHERE `group_id` =62 AND `chat_id` = '143624691'' at line 1]
[2021-03-10 21:51:49] - [1DELETE FROM `tggrouplink` WHERE `group_id` =62 AND `chat_id` = '143624691']
[2021-03-10 21:51:49] - [ERROR][You have an error in your SQL syntax; check the manual that corresponds to your MariaDB server version for the right syntax to use near '1DELETE FROM `tggrouplink` WHERE `group_id` =62 AND `chat_id` = '143624691'' at line 1]
[2021-03-10 21:52:15] - [1DELETE FROM `tggrouplink` WHERE `group_id` =62 AND `chat_id` = '143624691']
[2021-03-10 21:52:15] - [ERROR][You have an error in your SQL syntax; check the manual that corresponds to your MariaDB server version for the right syntax to use near '1DELETE FROM `tggrouplink` WHERE `group_id` =62 AND `chat_id` = '143624691'' at line 1]
[2021-03-10 21:52:27] - [1DELETE FROM `tggrouplink` WHERE `group_id` =62 AND `chat_id` = '143624691']
[2021-03-10 21:52:27] - [ERROR][You have an error in your SQL syntax; check the manual that corresponds to your MariaDB server version for the right syntax to use near '1DELETE FROM `tggrouplink` WHERE `group_id` =62 AND `chat_id` = '143624691'' at line 1]
[2021-03-10 21:52:28] - [1DELETE FROM `tggrouplink` WHERE `group_id` =62 AND `chat_id` = '143624691']
[2021-03-10 21:52:28] - [ERROR][You have an error in your SQL syntax; check the manual that corresponds to your MariaDB server version for the right syntax to use near '1DELETE FROM `tggrouplink` WHERE `group_id` =62 AND `chat_id` = '143624691'' at line 1]
[2021-03-10 21:52:47] - [1DELETE FROM `tggrouplink` WHERE `group_id` =62 AND `chat_id` = '143624691']
[2021-03-10 21:52:47] - [ERROR][You have an error in your SQL syntax; check the manual that corresponds to your MariaDB server version for the right syntax to use near '1DELETE FROM `tggrouplink` WHERE `group_id` =62 AND `chat_id` = '143624691'' at line 1]
[2021-03-10 21:53:16] - [1DELETE FROM `tggrouplink` WHERE `group_id` =62 AND `chat_id` = '815081714']
[2021-03-10 21:53:16] - [ERROR][You have an error in your SQL syntax; check the manual that corresponds to your MariaDB server version for the right syntax to use near '1DELETE FROM `tggrouplink` WHERE `group_id` =62 AND `chat_id` = '815081714'' at line 1]
[2021-03-10 21:55:53] - [1DELETE FROM `tggrouplink` WHERE `group_id` =62 AND `chat_id` = '143624691']
[2021-03-10 21:55:53] - [ERROR][You have an error in your SQL syntax; check the manual that corresponds to your MariaDB server version for the right syntax to use near '1DELETE FROM `tggrouplink` WHERE `group_id` =62 AND `chat_id` = '143624691'' at line 1]
[2021-03-10 21:59:24] - [1DELETE FROM `tggrouplink` WHERE `group_id` =62 AND `chat_id` = '143624691']
[2021-03-10 21:59:24] - [ERROR][You have an error in your SQL syntax; check the manual that corresponds to your MariaDB server version for the right syntax to use near '1DELETE FROM `tggrouplink` WHERE `group_id` =62 AND `chat_id` = '143624691'' at line 1]
[2021-03-10 21:59:39] - [DELETE FROM `tggrouplink` WHERE `group_id` =62 AND `chat_id` = '143624691']
[2021-03-10 21:59:59] - [DELETE FROM `tggrouplink` WHERE `group_id` =62 AND `chat_id` = '815081714']
[2021-03-10 22:10:23] - [Edited Subscriber: 815081714 | Adrian Koh | 许永辉]
[2021-03-10 22:10:30] - [Edited Subscriber: 815081714 | Adrian Koh | 许永辉]
[2021-03-10 22:13:07] - [ERROR][You have an error in your SQL syntax; check the manual that corresponds to your MariaDB server version for the right syntax to use near '1DELETE `tggroup`, `tgGroupLink` 
                    FROM `tggroup` LEFT JO...' at line 1]
[2021-03-10 22:13:43] - [ERROR][You have an error in your SQL syntax; check the manual that corresponds to your MariaDB server version for the right syntax to use near '1DELETE `tggroup`, `tgGroupLink` 
                    FROM `tggroup` LEFT JO...' at line 1]
[2021-03-10 22:30:15] - [DELETE FROM `tggrouplink` WHERE `group_id` =68 AND `chat_id` = '815081714']
[2021-03-10 22:41:29] - [DELETE FROM `tggrouplink` WHERE `group_id` =64 AND `chat_id` = '143624691']
